c:\users\drozimovschii\documents\visual studio 2017\projects\adaptivehuffman\release\adaptivehuffman.ipdb
c:\users\drozimovschii\documents\visual studio 2017\projects\adaptivehuffman\release\adaptivehuffman.iobj
c:\users\drozimovschii\documents\visual studio 2017\projects\adaptivehuffman\adaptivehuffman\release\adaptivehuffman.pch
c:\users\drozimovschii\documents\visual studio 2017\projects\adaptivehuffman\adaptivehuffman\release\vc141.pdb
c:\users\drozimovschii\documents\visual studio 2017\projects\adaptivehuffman\adaptivehuffman\release\stdafx.obj
c:\users\drozimovschii\documents\visual studio 2017\projects\adaptivehuffman\adaptivehuffman\release\test.obj
c:\users\drozimovschii\documents\visual studio 2017\projects\adaptivehuffman\adaptivehuffman\release\huffmantree.obj
c:\users\drozimovschii\documents\visual studio 2017\projects\adaptivehuffman\adaptivehuffman\release\encoder.obj
c:\users\drozimovschii\documents\visual studio 2017\projects\adaptivehuffman\adaptivehuffman\release\decoder.obj
c:\users\drozimovschii\documents\visual studio 2017\projects\adaptivehuffman\adaptivehuffman\release\adaptivehuffman.obj
c:\users\drozimovschii\documents\visual studio 2017\projects\adaptivehuffman\adaptivehuffman\release\adaptive.obj
c:\users\drozimovschii\documents\visual studio 2017\projects\adaptivehuffman\adaptivehuffman\release\bitstream.obj
c:\users\drozimovschii\documents\visual studio 2017\projects\adaptivehuffman\release\adaptivehuffman.exe
c:\users\drozimovschii\documents\visual studio 2017\projects\adaptivehuffman\release\adaptivehuffman.pdb
c:\users\drozimovschii\documents\visual studio 2017\projects\adaptivehuffman\adaptivehuffman\release\adaptivehuffman.tlog\adaptivehuffman.write.1u.tlog
c:\users\drozimovschii\documents\visual studio 2017\projects\adaptivehuffman\adaptivehuffman\release\adaptivehuffman.tlog\cl.command.1.tlog
c:\users\drozimovschii\documents\visual studio 2017\projects\adaptivehuffman\adaptivehuffman\release\adaptivehuffman.tlog\cl.read.1.tlog
c:\users\drozimovschii\documents\visual studio 2017\projects\adaptivehuffman\adaptivehuffman\release\adaptivehuffman.tlog\cl.write.1.tlog
c:\users\drozimovschii\documents\visual studio 2017\projects\adaptivehuffman\adaptivehuffman\release\adaptivehuffman.tlog\link.command.1.tlog
c:\users\drozimovschii\documents\visual studio 2017\projects\adaptivehuffman\adaptivehuffman\release\adaptivehuffman.tlog\link.read.1.tlog
c:\users\drozimovschii\documents\visual studio 2017\projects\adaptivehuffman\adaptivehuffman\release\adaptivehuffman.tlog\link.write.1.tlog
