c:\users\drozimovschii\documents\visual studio 2017\projects\adaptivehuffman\adaptivehuffman\debug\adaptivehuffman.pch
c:\users\drozimovschii\documents\visual studio 2017\projects\adaptivehuffman\adaptivehuffman\debug\vc141.pdb
c:\users\drozimovschii\documents\visual studio 2017\projects\adaptivehuffman\adaptivehuffman\debug\vc141.idb
c:\users\drozimovschii\documents\visual studio 2017\projects\adaptivehuffman\adaptivehuffman\debug\stdafx.obj
c:\users\drozimovschii\documents\visual studio 2017\projects\adaptivehuffman\adaptivehuffman\debug\adaptivehuffman.obj
c:\users\drozimovschii\documents\visual studio 2017\projects\adaptivehuffman\adaptivehuffman\debug\adaptive.obj
c:\users\drozimovschii\documents\visual studio 2017\projects\adaptivehuffman\adaptivehuffman\debug\huffmantree.obj
c:\users\drozimovschii\documents\visual studio 2017\projects\adaptivehuffman\adaptivehuffman\debug\testmeanlength.obj
c:\users\drozimovschii\documents\visual studio 2017\projects\adaptivehuffman\adaptivehuffman\debug\encoder.obj
c:\users\drozimovschii\documents\visual studio 2017\projects\adaptivehuffman\adaptivehuffman\debug\decoder.obj
c:\users\drozimovschii\documents\visual studio 2017\projects\adaptivehuffman\adaptivehuffman\debug\test.obj
c:\users\drozimovschii\documents\visual studio 2017\projects\adaptivehuffman\debug\adaptivehuffman.ilk
c:\users\drozimovschii\documents\visual studio 2017\projects\adaptivehuffman\debug\adaptivehuffman.exe
c:\users\drozimovschii\documents\visual studio 2017\projects\adaptivehuffman\debug\adaptivehuffman.pdb
c:\users\drozimovschii\documents\visual studio 2017\projects\adaptivehuffman\adaptivehuffman\debug\adaptivehuffman.obj.enc
c:\users\drozimovschii\documents\visual studio 2017\projects\adaptivehuffman\adaptivehuffman\debug\huffmantree.obj.enc
c:\users\drozimovschii\documents\visual studio 2017\projects\adaptivehuffman\adaptivehuffman\debug\testmeanlength.obj.enc
c:\users\drozimovschii\documents\visual studio 2017\projects\adaptivehuffman\adaptivehuffman\debug\adaptivehuffman.tlog\cl.command.1.tlog
c:\users\drozimovschii\documents\visual studio 2017\projects\adaptivehuffman\adaptivehuffman\debug\adaptivehuffman.tlog\cl.read.1.tlog
c:\users\drozimovschii\documents\visual studio 2017\projects\adaptivehuffman\adaptivehuffman\debug\adaptivehuffman.tlog\cl.write.1.tlog
c:\users\drozimovschii\documents\visual studio 2017\projects\adaptivehuffman\adaptivehuffman\debug\adaptivehuffman.tlog\link.command.1.tlog
c:\users\drozimovschii\documents\visual studio 2017\projects\adaptivehuffman\adaptivehuffman\debug\adaptivehuffman.tlog\link.read.1.tlog
c:\users\drozimovschii\documents\visual studio 2017\projects\adaptivehuffman\adaptivehuffman\debug\adaptivehuffman.tlog\link.write.1.tlog
